<?xml version="1.0" encoding="UTF-8"?>
<!-- Generated by org.testng.reporters.JUnitReportReporter -->
<testsuite skipped="0" hostname="swapnil-PC" name="FirstSet.TestBelongToSingleGroup" tests="2" failures="0" timestamp="28 Oct 2019 08:03:58 GMT" time="0.032" errors="0">
  <testcase name="testThree" time="0.000" classname="FirstSet.TestBelongToSingleGroup"/>
  <testcase name="testOne" time="0.032" classname="FirstSet.TestBelongToSingleGroup"/>
</testsuite> <!-- FirstSet.TestBelongToSingleGroup -->
