<?xml version="1.0" encoding="UTF-8"?>
<!-- Generated by org.testng.reporters.JUnitReportReporter -->
<testsuite skipped="0" hostname="swapnil-PC" name="FirstSet.TestAnnotations" tests="4" failures="0" timestamp="28 Oct 2019 08:07:28 GMT" time="0.032" errors="0">
  <testcase name="secondTest" time="0.016" classname="FirstSet.TestAnnotations"/>
  <testcase name="fourthTest" time="0.000" classname="FirstSet.TestAnnotations"/>
  <testcase name="thirdTest" time="0.000" classname="FirstSet.TestAnnotations"/>
  <testcase name="firstTest" time="0.016" classname="FirstSet.TestAnnotations"/>
</testsuite> <!-- FirstSet.TestAnnotations -->
