<?xml version="1.0" encoding="UTF-8"?>
<!-- Generated by org.testng.reporters.JUnitReportReporter -->
<testsuite skipped="0" hostname="swapnil-PC" name="FirstSet.CommandPrompt" tests="1" failures="0" timestamp="06 Oct 2019 11:13:16 GMT" time="0.016" errors="0">
  <testcase name="RunFromCommandPrompt" time="0.016" classname="FirstSet.CommandPrompt"/>
</testsuite> <!-- FirstSet.CommandPrompt -->
